1	WTYP_WTYP	0.8072207345961069
2	WTYP_WTYP	0.611994453564268
3	WTYP_WTYP	0.44894355564898025
4	WTYP_WTYP	0.5730549178323249
5	WTYP_AL37	0.7107770943601781
6	WTYP_WTYP	0.7082188136953289
7	WTYP_WTYP	0.6784045769144814
8	WTYP_WTYP	0.7788458301777808
9	WTYP_WTYP	0.6868440629486239
10	WTYP_WTYP	0.780619691345739
11	WTYP_WTYP	0.761661334858539
12	WTYP_WTYP	0.7715903870629595
13	WTYP_WTYP	0.6782510254475456
14	WTYP_WTYP	0.6830579830828476
15	WTYP_WTYP	0.7102134322423197
16	WTYP_WTYP	0.7716036701485806
17	WTYP_WTYP	0.600660363246371
18	WTYP_WTYP	0.6415735654934445
19	WTYP_WTYP	0.6281823806693526
20	WTYP_WTYP	0.7563696173510326
21	WTYP_WTYP	0.6141712209337149
22	WTYP_WTYP	0.6068548799440577
23	WTYP_WTYP	0.6007902811710272
24	WTYP_WTYP	0.6542307785155534
25	WTYP_AL37	0.7225867814208646
26	WTYP_WTYP	0.6995991773338334
27	WTYP_AL37	0.8438895726300396
28	WTYP_WTYP	0.7302891311892361
29	WTYP_WTYP	0.6950850499701524
30	WTYP_WTYP	0.7231054805115396
31	WTYP_AL37	0.5861959612037303
32	WTYP_WTYP	0.558133547007118
33	WTYP_WTYP	0.7125216668186347
34	WTYP_WTYP	0.5772618747097021
35	WTYP_WTYP	0.6975707451945923
36	WTYP_AL37	0.8127926665217277
37	WTYP_WTYP	0.7539822310496294
38	WTYP_WTYP	0.744425196995261
39	WTYP_AL37	0.7486179628180022
40	WTYP_WTYP	0.759350642386218
41	WTYP_WTYP	0.5314657072095921
42	WTYP_WTYP	0.6422863830277663
43	WTYP_WTYP	0.6805777621016614
44	WTYP_WTYP	0.7963700661181019
45	WTYP_WTYP	0.8172614223756915
46	WTYP_WTYP	0.8409396704410764
47	WTYP_WTYP	0.6211820099524761
48	WTYP_WTYP	0.6926566123757526
49	WTYP_WTYP	0.5985861961277429
50	WTYP_WTYP	0.9149955402456607
51	WTYP_WTYP	0.6493502533691283
52	WTYP_WTYP	0.8194090569286457
53	WTYP_WTYP	0.8445076772334488
54	WTYP_WTYP	0.6893447135412413
55	WTYP_WTYP	0.8215099149395981
56	WTYP_WTYP	0.8688087248402965
57	WTYP_WTYP	0.6081020793173074
58	WTYP_WTYP	0.5754190456303399
59	WTYP_WTYP	0.6771368022145241
60	WTYP_WTYP	0.7412612006029567
61	WTYP_WTYP	0.7171210727486997
62	WTYP_WTYP	0.6453326718539976
63	WTYP_WTYP	0.6194934685371374
64	WTYP_AL37	0.7380612760996211
65	WTYP_AL37	0.7695927353187428
66	WTYP_WTYP	0.7557517826508966
67	WTYP_WTYP	0.8268343906960826
68	WTYP_WTYP	0.6681128658054063
69	WTYP_WTYP	0.7541006439633293
70	WTYP_WTYP	0.9123488817197782
71	WTYP_WTYP	0.6475980670227639
72	WTYP_WTYP	0.6369453584097413
73	WTYP_WTYP	0.619661038734514
74	WTYP_WTYP	0.7712052178929405
75	WTYP_WTYP	0.6765630472004297
76	WTYP_WTYP	0.6351002319791788
77	WTYP_WTYP	0.793739975041327
78	WTYP_WTYP	0.7993640823688396
79	WTYP_WTYP	0.8544605593590525
80	AL37_AL37	0.9669477821264952
81	WTYP_AL37	0.5851382401218906
82	WTYP_WTYP	0.7580320358999653
83	WTYP_WTYP	0.662055698614781
84	WTYP_WTYP	0.4359619078949414
85	WTYP_WTYP	0.6489973576908357
86	WTYP_WTYP	0.4956787118964974
87	WTYP_WTYP	0.8904291000608636
88	WTYP_AL37	0.7198428051195158
89	WTYP_AL37	0.7789426677552576
90	WTYP_WTYP	0.8190286405122404
91	WTYP_WTYP	0.7495941652511692
92	WTYP_WTYP	0.6909090127738277
93	WTYP_WTYP	0.8509988964265273
94	WTYP_WTYP	0.705359997013208
95	WTYP_WTYP	0.9003517146168641
96	WTYP_WTYP	0.7657745274413854
97	WTYP_AL37	0.7870730262278562
98	WTYP_WTYP	0.7120450569426773
99	WTYP_AL37	0.7464227561170685
100	WTYP_AL42	0.50243117341187
101	WTYP_WTYP	0.7693432495799606
102	WTYP_WTYP	0.802980183433529
103	WTYP_AL37	0.6514075606812543
104	WTYP_WTYP	0.8138461560440475
105	WTYP_WTYP	0.818859762780063
106	WTYP_WTYP	0.8494076734186033
107	WTYP_WTYP	0.7078086107603541
108	WTYP_WTYP	0.7637213452969541
109	WTYP_WTYP	0.6906222722534027
110	WTYP_WTYP	0.8056524991664737
111	WTYP_WTYP	0.6533981532184686
112	WTYP_WTYP	0.8436427194218171
113	WTYP_WTYP	0.6619721044994182
114	WTYP_WTYP	0.8203106546817474
115	WTYP_WTYP	0.5890260818638341
116	WTYP_WTYP	0.9237346538203964
117	WTYP_WTYP	0.691954024625864
118	WTYP_AL37	0.6678100643543615
119	WTYP_WTYP	0.7990931218702297
120	WTYP_WTYP	0.7966244892185774
121	WTYP_WTYP	0.7650817414205293
122	WTYP_WTYP	0.507208149707928
123	WTYP_WTYP	0.8227328998615309
124	WTYP_WTYP	0.6802487010617232
125	WTYP_WTYP	0.6075036833461372
126	WTYP_WTYP	0.7818503643810243
127	WTYP_WTYP	0.6619058828250038
128	WTYP_WTYP	0.730012813908241
129	WTYP_WTYP	0.5494005364851401
130	WTYP_WTYP	0.8116831111512199
131	WTYP_WTYP	0.7135678818326093
132	WTYP_WTYP	0.8670073244126947
133	WTYP_WTYP	0.7873107018650742
134	WTYP_WTYP	0.7280730693575775
135	WTYP_WTYP	0.7307571914749541
136	WTYP_WTYP	0.6120424175169322
137	WTYP_WTYP	0.712760494443785
138	WTYP_WTYP	0.6542507871266807
139	WTYP_WTYP	0.7605629650471047
140	WTYP_WTYP	0.7320973759274055
141	WTYP_WTYP	0.6762723957371374
142	WTYP_WTYP	0.6440056049934654
143	WTYP_WTYP	0.7357232021756583
144	WTYP_WTYP	0.5325803699196929
145	WTYP_WTYP	0.7821998256963419
146	WTYP_WTYP	0.7672354643883982
147	WTYP_WTYP	0.5795794516924725
148	WTYP_WTYP	0.8144415367581385
149	WTYP_WTYP	0.61916142830294
150	WTYP_WTYP	0.9164915358109178
151	WTYP_WTYP	0.7556959448323244
152	WTYP_WTYP	0.8146584398441474
153	WTYP_WTYP	0.586956288298402
154	WTYP_WTYP	0.6844502005795146
155	WTYP_WTYP	0.7925580531429683
156	WTYP_AL37	0.8692652720634615
157	WTYP_WTYP	0.9063813980640664
158	WTYP_WTYP	0.8633331944201005
159	WTYP_WTYP	0.6727416188116319
160	WTYP_WTYP	0.7692088351883019
161	WTYP_WTYP	0.8636283259003334
162	WTYP_WTYP	0.6830078400192585
163	WTYP_WTYP	0.5698251863807229
164	WTYP_WTYP	0.7713947498013702
165	WTYP_WTYP	0.8622302974852036
166	WTYP_WTYP	0.5537090844372959
167	WTYP_WTYP	0.5027889711467008
168	WTYP_WTYP	0.7426428366818772
169	WTYP_AL37	0.6973657525070969
170	WTYP_WTYP	0.6565293971881698
171	WTYP_WTYP	0.6869958572676147
172	WTYP_WTYP	0.7552038845002891
173	WTYP_WTYP	0.8564476106977008
174	WTYP_WTYP	0.8500961840418993
175	WTYP_WTYP	0.5188342259510539
176	WTYP_WTYP	0.6018824134928386
177	WTYP_WTYP	0.8171332522252477
178	WTYP_WTYP	0.8174458367620882
179	WTYP_WTYP	0.6260116619274363
180	WTYP_WTYP	0.8262301175727612
181	WTYP_AL42	0.662072791508096
182	WTYP_WTYP	0.858848477035132
183	WTYP_WTYP	0.7513086502999426
184	WTYP_WTYP	0.6962683393561008
185	WTYP_WTYP	0.6613259648096295
186	WTYP_WTYP	0.6460257984728173
187	WTYP_WTYP	0.787789113363956
188	WTYP_AL42	0.43083594732790376
189	WTYP_WTYP	0.7371784594926599
190	WTYP_WTYP	0.6829661342067017
191	WTYP_WTYP	0.6011711170545951
192	WTYP_WTYP	0.785143329057879
193	WTYP_WTYP	0.6158217001585631
194	WTYP_WTYP	0.5915470296576354
195	WTYP_WTYP	0.7253283973340973
196	WTYP_WTYP	0.83065503390103
197	WTYP_WTYP	0.7300766800137307
198	WTYP_AL37	0.7383422661564836
199	WTYP_AL37	0.8212122783984667
200	WTYP_WTYP	0.6583599142484651
201	WTYP_WTYP	0.5907062559350751
202	WTYP_WTYP	0.6927807122218889
203	WTYP_WTYP	0.727584160954449
204	WTYP_WTYP	0.743731894039268
205	WTYP_WTYP	0.7908852694265514
206	WTYP_WTYP	0.8217722437552207
207	WTYP_WTYP	0.6367518519814367
208	WTYP_WTYP	0.709924146210965
209	WTYP_WTYP	0.35828580066661764
210	WTYP_WTYP	0.7583854168075886
211	WTYP_WTYP	0.6401999739739046
212	WTYP_WTYP	0.6486722079699869
213	WTYP_WTYP	0.5452430364491769
214	WTYP_WTYP	0.5898204753821137
215	WTYP_WTYP	0.5842826097725848
216	WTYP_WTYP	0.780118674051353
217	WTYP_WTYP	0.9068208714637236
218	WTYP_WTYP	0.6814095529604312
219	WTYP_WTYP	0.5345165524095202
220	WTYP_WTYP	0.6677836751152749
221	WTYP_WTYP	0.8191355657868524
222	WTYP_WTYP	0.5250223418331449
223	WTYP_WTYP	0.7036436419991099
224	WTYP_WTYP	0.5283614356772873
225	WTYP_WTYP	0.8257767706617537
226	WTYP_WTYP	0.8394160268166917
227	WTYP_WTYP	0.6995675129679242
228	WTYP_WTYP	0.7583279846773433
229	WTYP_WTYP	0.7428743081414926
230	WTYP_WTYP	0.5788369506345007
231	WTYP_WTYP	0.5175932972390165
232	WTYP_WTYP	0.8795672464509653
233	WTYP_WTYP	0.61223371586742
234	WTYP_WTYP	0.5217029589756451
235	WTYP_WTYP	0.5268624963874852
236	WTYP_WTYP	0.6983127239821956
237	WTYP_WTYP	0.6200503695792919
238	WTYP_WTYP	0.7825901826865795
239	WTYP_AL37	0.6589817951646073
240	WTYP_AL37	0.7995567659414455
241	WTYP_WTYP	0.7160253125277889
242	WTYP_WTYP	0.5626239784428156
243	WTYP_WTYP	0.8750454057528408
244	WTYP_WTYP	0.7277206429813483
245	WTYP_WTYP	0.6348341404757855
246	WTYP_WTYP	0.7049659305814793
247	WTYP_WTYP	0.7377934426195961
248	WTYP_WTYP	0.6756073111847906
249	WTYP_WTYP	0.9091410345185801
250	WTYP_WTYP	0.6791262558389063
251	WTYP_WTYP	0.8192510188756489
252	WTYP_WTYP	0.6078613030968025
253	WTYP_WTYP	0.6702996088208066
254	WTYP_WTYP	0.8175674049579592
255	WTYP_WTYP	0.7345886650799451
256	WTYP_WTYP	0.6521085129363797
257	WTYP_WTYP	0.8479841415512491
258	WTYP_WTYP	0.856904344386611
259	WTYP_WTYP	0.9200723966305084
260	WTYP_WTYP	0.7436433817516543
261	WTYP_WTYP	0.854440211704206
262	WTYP_WTYP	0.7484648074443414
263	WTYP_WTYP	0.5752764611055108
264	WTYP_WTYP	0.8544572095650159
265	WTYP_WTYP	0.7669477967955991
266	WTYP_WTYP	0.5012020777168692
267	WTYP_WTYP	0.5168498089479219
268	WTYP_WTYP	0.7263436455563879
269	WTYP_WTYP	0.835106199833627
270	WTYP_WTYP	0.6628940095153881
271	WTYP_WTYP	0.7069488872029704
272	WTYP_WTYP	0.7176296299922309
273	WTYP_WTYP	0.5958501750834289
274	WTYP_WTYP	0.8477024718030229
275	WTYP_WTYP	0.613887487309594
276	WTYP_WTYP	0.6974186598391615
277	WTYP_WTYP	0.5725834650829313
278	WTYP_WTYP	0.6776844157045099
279	WTYP_WTYP	0.7719875624424375
280	WTYP_WTYP	0.4460819671021136
281	WTYP_WTYP	0.8299041657439851
282	WTYP_WTYP	0.705012156262913
283	WTYP_WTYP	0.7093964784016704
284	WTYP_WTYP	0.7579752384181901
285	WTYP_WTYP	0.6941482705165807
286	WTYP_WTYP	0.5711228749650591
287	WTYP_WTYP	0.6361266397441474
288	WTYP_WTYP	0.7302454231548288
289	WTYP_WTYP	0.7125774504358773
290	WTYP_WTYP	0.7229300630270754
291	WTYP_WTYP	0.6189261716392975
292	WTYP_WTYP	0.6339811849265685
293	WTYP_WTYP	0.6786601267004742
294	WTYP_WTYP	0.8572706046282563
295	WTYP_WTYP	0.7109818830754108
296	WTYP_AL42	0.37376997401304785
297	WTYP_WTYP	0.7580199790141736
298	WTYP_WTYP	0.671766738228673
299	WTYP_WTYP	0.518214842198201
300	WTYP_WTYP	0.8282281423644904
301	WTYP_AL37	0.866710578384523
302	WTYP_WTYP	0.48740127893676866
303	WTYP_WTYP	0.7534746093680086
304	WTYP_WTYP	0.7986459046624331
305	WTYP_WTYP	0.6945929019452194
306	WTYP_AL42	0.4078891302007996
307	WTYP_WTYP	0.6726381712761033
308	WTYP_AL42	0.4896229146746586
309	WTYP_WTYP	0.6063006561255705
310	WTYP_WTYP	0.5981348375514197
311	WTYP_WTYP	0.7444588230543577
312	WTYP_AL42	0.3904167091388958
313	WTYP_AL42	0.5690079225387739
314	WTYP_WTYP	0.5168369827032732
315	WTYP_WTYP	0.48273648805649183
316	WTYP_AL37	0.3161361136278747
317	WTYP_WTYP	0.6097908460612238
318	WTYP_WTYP	0.6620766454173644
319	WTYP_WTYP	0.7237097748942412
320	WTYP_WTYP	0.6731176160770863
321	WTYP_WTYP	0.5939637937401159
322	WTYP_WTYP	0.5853591924891595
323	WTYP_WTYP	0.4516978258939568
324	AL37_AL42	0.5300691877120518
325	WTYP_WTYP	0.6568489176971848
326	WTYP_WTYP	0.7520531701796491
327	WTYP_WTYP	0.7816023241189715
328	WTYP_WTYP	0.8381403399535996
329	WTYP_WTYP	0.610731493767113
330	WTYP_WTYP	0.7205170152818191
331	WTYP_WTYP	0.7151408780467421
332	WTYP_WTYP	0.8133356362919028
333	WTYP_WTYP	0.9176357537294053
334	WTYP_WTYP	0.6656825350466131
335	WTYP_WTYP	0.6663943323619392
336	WTYP_WTYP	0.7010413726587297
337	WTYP_WTYP	0.5303993079656436
338	WTYP_WTYP	0.6594424232767107
339	WTYP_WTYP	0.5440246464617352
340	WTYP_WTYP	0.6735271899346387
341	WTYP_WTYP	0.863748253983179
342	WTYP_WTYP	0.5743746264144338
343	WTYP_WTYP	0.7232888206870899
344	WTYP_WTYP	0.7259820124186915
345	WTYP_WTYP	0.5070422304776746
346	WTYP_WTYP	0.7141162529848782
347	WTYP_WTYP	0.7550748232427091
348	WTYP_WTYP	0.6456662342699966
349	WTYP_WTYP	0.7500677870894041
350	WTYP_WTYP	0.8176147979838693
351	WTYP_WTYP	0.5167497828838287
352	WTYP_WTYP	0.6337255187216251
353	WTYP_WTYP	0.8711873421736565
354	WTYP_WTYP	0.42034769352980783
355	WTYP_WTYP	0.730422714819198
356	WTYP_AL37	0.6453544919910419
357	WTYP_AL37	0.7160657387638352
358	WTYP_AL37	0.7508359674350351
359	WTYP_WTYP	0.7786271061100547
360	WTYP_WTYP	0.8088827212631936
361	WTYP_WTYP	0.5537130740706102
362	WTYP_WTYP	0.6833423392949104
363	WTYP_AL37	0.7831387247424262
364	WTYP_WTYP	0.765644125623442
365	WTYP_WTYP	0.6659356504871035
366	WTYP_WTYP	0.5877106757379237
367	WTYP_WTYP	0.7755927425959931
368	WTYP_WTYP	0.7756576542907587
369	WTYP_WTYP	0.6728500354941533
370	WTYP_WTYP	0.5322771808556197
371	WTYP_WTYP	0.6032442096368316
372	WTYP_WTYP	0.6369655006062606
373	WTYP_WTYP	0.7325580019355179
374	WTYP_WTYP	0.5873945249302632
375	WTYP_WTYP	0.6954435669753528
376	WTYP_WTYP	0.665906294739679
377	WTYP_WTYP	0.7712842627405795
378	WTYP_WTYP	0.48898360780590655
379	WTYP_WTYP	0.8503601692424891
380	WTYP_WTYP	0.7914639943349395
381	WTYP_WTYP	0.6985148484682242
382	WTYP_WTYP	0.8069957885900179
383	WTYP_AL37	0.7872645638959193
384	WTYP_WTYP	0.6858700804187988
385	WTYP_WTYP	0.5779697218642508
386	WTYP_WTYP	0.7427018524377496
387	WTYP_WTYP	0.8136147746531216
388	WTYP_WTYP	0.5781697472269046
389	WTYP_WTYP	0.6793485697074589
390	WTYP_WTYP	0.641421420718206
391	WTYP_WTYP	0.824855220421547
392	WTYP_WTYP	0.6242543342771986
393	WTYP_WTYP	0.8045474243167788
394	WTYP_WTYP	0.6932223726515329
395	WTYP_WTYP	0.7319419814053301
396	WTYP_WTYP	0.6698464648142922
397	WTYP_WTYP	0.7021827443448504
398	WTYP_WTYP	0.8187019081779806
399	WTYP_WTYP	0.756106236298281
400	WTYP_WTYP	0.4985834700350814
401	WTYP_WTYP	0.5826593719402026
402	WTYP_WTYP	0.5467865945289873
403	WTYP_WTYP	0.7612297524950836
404	WTYP_WTYP	0.6867569967525878
405	WTYP_WTYP	0.6558627127805328
406	WTYP_WTYP	0.9163798155496479
407	WTYP_WTYP	0.9127214631410964
408	WTYP_WTYP	0.6831562448067154
409	WTYP_WTYP	0.7752131608861336
410	WTYP_WTYP	0.6770977040742453
411	WTYP_WTYP	0.6080996860875131
412	WTYP_WTYP	0.7775180965222894
413	AL37_AL37	0.9590321695662949
414	WTYP_AL37	0.7835144896280876
415	WTYP_AL37	0.7165290841882002
416	WTYP_WTYP	0.5418279243443123
417	WTYP_WTYP	0.4967686425507541
418	WTYP_WTYP	0.7535274360810604
419	WTYP_WTYP	0.7624657683111903
420	WTYP_WTYP	0.8194791298315944
421	WTYP_WTYP	0.8057597408863217
422	WTYP_WTYP	0.6506751491148777
423	WTYP_WTYP	0.7369173319702518
424	WTYP_WTYP	0.688135955108592
425	WTYP_WTYP	0.6833211059118528
426	WTYP_WTYP	0.7124102005636231
427	WTYP_WTYP	0.7422727870787843
428	WTYP_WTYP	0.8362816693063708
429	WTYP_WTYP	0.7702337273100867
430	WTYP_WTYP	0.7045610329230797
431	WTYP_WTYP	0.6188314464284729
432	WTYP_WTYP	0.8025515374446242
433	WTYP_WTYP	0.7537091344891781
434	WTYP_WTYP	0.6996826111905857
435	WTYP_WTYP	0.6046417508455775
436	WTYP_WTYP	0.6121608279664702
437	WTYP_WTYP	0.7720571555377727
438	WTYP_WTYP	0.7651669269708864
439	WTYP_AL37	0.6464582582344223
440	WTYP_AL37	0.791148855944494
441	WTYP_WTYP	0.6390532471346295
442	WTYP_WTYP	0.7692654650722069
443	WTYP_WTYP	0.8092268726264226
444	WTYP_WTYP	0.9115963858856051
445	WTYP_WTYP	0.6643484011420467
446	WTYP_WTYP	0.6903917229903678
447	WTYP_WTYP	0.8321551467234588
448	WTYP_WTYP	0.7522655255621367
449	WTYP_WTYP	0.6380793840818957
450	WTYP_WTYP	0.774495954381407
451	WTYP_WTYP	0.820447800347054
452	WTYP_WTYP	0.7696057010604833
453	WTYP_AL37	0.6737350307954647
454	WTYP_WTYP	0.6565266163373055
455	WTYP_WTYP	0.7553095177636799
456	WTYP_AL37	0.58847399743422
457	WTYP_WTYP	0.7978548292490545
458	WTYP_WTYP	0.7224228020682003
459	WTYP_AL37	0.5044015601959196
460	WTYP_WTYP	0.525509812177148
461	WTYP_WTYP	0.857086044366453
462	WTYP_WTYP	0.8922848484128849
463	WTYP_WTYP	0.6987546352801298
464	WTYP_WTYP	0.6386763426699248
465	WTYP_WTYP	0.7582938266003854
466	WTYP_WTYP	0.7002570988897794
467	WTYP_WTYP	0.7087897907214088
468	WTYP_WTYP	0.5759975013324954
469	AL37_AL42	0.3940212861421017
470	WTYP_AL42	0.37093442829997675
471	WTYP_WTYP	0.8240712766058921
472	WTYP_WTYP	0.7508473126127169
473	WTYP_AL37	0.8532261427796768
474	WTYP_WTYP	0.8402083925069236
475	WTYP_WTYP	0.5309447589909989
476	WTYP_WTYP	0.6623765447077784
477	WTYP_WTYP	0.7739335575753649
478	WTYP_WTYP	0.659289433245392
479	WTYP_WTYP	0.7803110466228168
480	WTYP_WTYP	0.8222992659289919
481	WTYP_WTYP	0.6714817228408446
482	WTYP_WTYP	0.6233345820398302
483	WTYP_WTYP	0.8868278085151402
484	WTYP_WTYP	0.5919398105673335
485	WTYP_WTYP	0.5448167837803579
486	WTYP_WTYP	0.8202131612312269
487	WTYP_WTYP	0.7749717686880284
488	WTYP_WTYP	0.6557261773276434
489	WTYP_WTYP	0.6425810262885845
490	WTYP_WTYP	0.6491006445649796
491	WTYP_WTYP	0.5846574673234407
492	WTYP_WTYP	0.7627281185699214
493	WTYP_WTYP	0.6739214528645462
494	WTYP_WTYP	0.7808337307153482
495	WTYP_WTYP	0.5609849709507506
496	WTYP_WTYP	0.48772129922102975
497	WTYP_WTYP	0.5312732407716484
498	WTYP_WTYP	0.8071815955536767
499	WTYP_WTYP	0.7944444764873161
500	WTYP_WTYP	0.583239992500077
